

*** CYCLE 0
Memory
	Address		Data
	0x00000000	8C 01 00 1C 8C 02 00 20 8C 03 00 24 00 22 20 20
	0x00000010	00 83 28 22 AC 05 00 28 FC 00 00 00 00 00 00 32
	0x00000020	00 00 00 1E 00 00 00 14 00 00 00 00
Registers (integer):
	R0=0x00000000	R1=0x00000000	R2=0x00000000	R3=0x00000000
	R4=0x00000000	R5=0x00000000	R6=0x00000000	R7=0x00000000
	R8=0x00000000	R9=0x00000000	R10=0x00000000	R11=0x00000000
	R12=0x00000000	R13=0x00000000	R14=0x00000000	R15=0x00000000
	R16=0x00000000	R17=0x00000000	R18=0x00000000	R19=0x00000000
	R20=0x00000000	R21=0x00000000	R22=0x00000000	R23=0x00000000
	R24=0x00000000	R25=0x00000000	R26=0x00000000	R27=0x00000000
	R28=0x00000000	R29=0x00000000	R30=0x00000000	R31=0x00000000
Registers (floating point):
	F0=0         	F1=0         	F2=0         	F3=0         
	F4=0         	F5=0         	F6=0         	F7=0         
	F8=0         	F9=0         	F10=0         	F11=0         
	F12=0         	F13=0         	F14=0         	F15=0         
	F16=0         	F17=0         	F18=0         	F19=0         
	F20=0         	F21=0         	F22=0         	F23=0         
	F24=0         	F25=0         	F26=0         	F27=0         
	F28=0         	F29=0         	F30=0         	F31=0         
pc:
	pc	0x00000000
ifid:
	instr	NOP
INT fu:
ADD fu:
MULT fu:
DIV fu:
wb:



*** CYCLE 1
Memory
	Address		Data
	0x00000000	8C 01 00 1C 8C 02 00 20 8C 03 00 24 00 22 20 20
	0x00000010	00 83 28 22 AC 05 00 28 FC 00 00 00 00 00 00 32
	0x00000020	00 00 00 1E 00 00 00 14 00 00 00 00
Registers (integer):
	R0=0x00000000	R1=0x00000000	R2=0x00000000	R3=0x00000000
	R4=0x00000000	R5=0x00000000	R6=0x00000000	R7=0x00000000
	R8=0x00000000	R9=0x00000000	R10=0x00000000	R11=0x00000000
	R12=0x00000000	R13=0x00000000	R14=0x00000000	R15=0x00000000
	R16=0x00000000	R17=0x00000000	R18=0x00000000	R19=0x00000000
	R20=0x00000000	R21=0x00000000	R22=0x00000000	R23=0x00000000
	R24=0x00000000	R25=0x00000000	R26=0x00000000	R27=0x00000000
	R28=0x00000000	R29=0x00000000	R30=0x00000000	R31=0x00000000
Registers (floating point):
	F0=0         	F1=0         	F2=0         	F3=0         
	F4=0         	F5=0         	F6=0         	F7=0         
	F8=0         	F9=0         	F10=0         	F11=0         
	F12=0         	F13=0         	F14=0         	F15=0         
	F16=0         	F17=0         	F18=0         	F19=0         
	F20=0         	F21=0         	F22=0         	F23=0         
	F24=0         	F25=0         	F26=0         	F27=0         
	F28=0         	F29=0         	F30=0         	F31=0         
pc:
	pc	0x00000004
ifid:
	instr	0x1C00018C
INT fu:
ADD fu:
MULT fu:
DIV fu:
wb:



*** CYCLE 2
Memory
	Address		Data
	0x00000000	8C 01 00 1C 8C 02 00 20 8C 03 00 24 00 22 20 20
	0x00000010	00 83 28 22 AC 05 00 28 FC 00 00 00 00 00 00 32
	0x00000020	00 00 00 1E 00 00 00 14 00 00 00 00
Registers (integer):
	R0=0x00000000	R1=0x00000000	R2=0x00000000	R3=0x00000000
	R4=0x00000000	R5=0x00000000	R6=0x00000000	R7=0x00000000
	R8=0x00000000	R9=0x00000000	R10=0x00000000	R11=0x00000000
	R12=0x00000000	R13=0x00000000	R14=0x00000000	R15=0x00000000
	R16=0x00000000	R17=0x00000000	R18=0x00000000	R19=0x00000000
	R20=0x00000000	R21=0x00000000	R22=0x00000000	R23=0x00000000
	R24=0x00000000	R25=0x00000000	R26=0x00000000	R27=0x00000000
	R28=0x00000000	R29=0x00000000	R30=0x00000000	R31=0x00000000
Registers (floating point):
	F0=0         	F1=0         	F2=0         	F3=0         
	F4=0         	F5=0         	F6=0         	F7=0         
	F8=0         	F9=0         	F10=0         	F11=0         
	F12=0         	F13=0         	F14=0         	F15=0         
	F16=0         	F17=0         	F18=0         	F19=0         
	F20=0         	F21=0         	F22=0         	F23=0         
	F24=0         	F25=0         	F26=0         	F27=0         
	F28=0         	F29=0         	F30=0         	F31=0         
pc:
	pc	0x00000008
ifid:
	instr	ADDI R0 R0 #652
INT fu:
ADD fu:
MULT fu:
DIV fu:
wb:



*** CYCLE 3
Memory
	Address		Data
	0x00000000	8C 01 00 1C 8C 02 00 20 8C 03 00 24 00 22 20 20
	0x00000010	00 83 28 22 AC 05 00 28 FC 00 00 00 00 00 00 32
	0x00000020	00 00 00 1E 00 00 00 14 00 00 00 00
Registers (integer):
	R0=0x00000000	R1=0x00000000	R2=0x00000000	R3=0x00000000
	R4=0x00000000	R5=0x00000000	R6=0x00000000	R7=0x00000000
	R8=0x00000000	R9=0x00000000	R10=0x00000000	R11=0x00000000
	R12=0x00000000	R13=0x00000000	R14=0x00000000	R15=0x00000000
	R16=0x00000000	R17=0x00000000	R18=0x00000000	R19=0x00000000
	R20=0x00000000	R21=0x00000000	R22=0x00000000	R23=0x00000000
	R24=0x00000000	R25=0x00000000	R26=0x00000000	R27=0x00000000
	R28=0x00000000	R29=0x00000000	R30=0x00000000	R31=0x00000000
Registers (floating point):
	F0=0         	F1=0         	F2=0         	F3=0         
	F4=0         	F5=0         	F6=0         	F7=0         
	F8=0         	F9=0         	F10=0         	F11=0         
	F12=0         	F13=0         	F14=0         	F15=0         
	F16=0         	F17=0         	F18=0         	F19=0         
	F20=0         	F21=0         	F22=0         	F23=0         
	F24=0         	F25=0         	F26=0         	F27=0         
	F28=0         	F29=0         	F30=0         	F31=0         
pc:
	pc	0x0000000C
ifid:
	instr	ADDUI R0 R0 #908
INT fu:
		name 'INT', stage 1 (from end), cycle 0/1, ADDI R0 R0 #652
ADD fu:
MULT fu:
DIV fu:
wb:



*** CYCLE 4
Memory
	Address		Data
	0x00000000	8C 01 00 1C 8C 02 00 20 8C 03 00 24 00 22 20 20
	0x00000010	00 83 28 22 AC 05 00 28 FC 00 00 00 00 00 00 32
	0x00000020	00 00 00 1E 00 00 00 14 00 00 00 00
Registers (integer):
	R0=0x00000000	R1=0x00000000	R2=0x00000000	R3=0x00000000
	R4=0x00000000	R5=0x00000000	R6=0x00000000	R7=0x00000000
	R8=0x00000000	R9=0x00000000	R10=0x00000000	R11=0x00000000
	R12=0x00000000	R13=0x00000000	R14=0x00000000	R15=0x00000000
	R16=0x00000000	R17=0x00000000	R18=0x00000000	R19=0x00000000
	R20=0x00000000	R21=0x00000000	R22=0x00000000	R23=0x00000000
	R24=0x00000000	R25=0x00000000	R26=0x00000000	R27=0x00000000
	R28=0x00000000	R29=0x00000000	R30=0x00000000	R31=0x00000000
Registers (floating point):
	F0=0         	F1=0         	F2=0         	F3=0         
	F4=0         	F5=0         	F6=0         	F7=0         
	F8=0         	F9=0         	F10=0         	F11=0         
	F12=0         	F13=0         	F14=0         	F15=0         
	F16=0         	F17=0         	F18=0         	F19=0         
	F20=0         	F21=0         	F22=0         	F23=0         
	F24=0         	F25=0         	F26=0         	F27=0         
	F28=0         	F29=0         	F30=0         	F31=0         
pc:
	pc	0x0000000C
ifid:
	instr	ADDUI R0 R0 #908
INT fu:
		name 'INT', stage 0 (from end), cycle 0/1, ADDI R0 R0 #652
ADD fu:
MULT fu:
DIV fu:
wb:



*** CYCLE 5
Memory
	Address		Data
	0x00000000	8C 01 00 1C 8C 02 00 20 8C 03 00 24 00 22 20 20
	0x00000010	00 83 28 22 AC 05 00 28 FC 00 00 00 00 00 00 32
	0x00000020	00 00 00 1E 00 00 00 14 00 00 00 00
Registers (integer):
	R0=0x00000000	R1=0x00000000	R2=0x00000000	R3=0x00000000
	R4=0x00000000	R5=0x00000000	R6=0x00000000	R7=0x00000000
	R8=0x00000000	R9=0x00000000	R10=0x00000000	R11=0x00000000
	R12=0x00000000	R13=0x00000000	R14=0x00000000	R15=0x00000000
	R16=0x00000000	R17=0x00000000	R18=0x00000000	R19=0x00000000
	R20=0x00000000	R21=0x00000000	R22=0x00000000	R23=0x00000000
	R24=0x00000000	R25=0x00000000	R26=0x00000000	R27=0x00000000
	R28=0x00000000	R29=0x00000000	R30=0x00000000	R31=0x00000000
Registers (floating point):
	F0=0         	F1=0         	F2=0         	F3=0         
	F4=0         	F5=0         	F6=0         	F7=0         
	F8=0         	F9=0         	F10=0         	F11=0         
	F12=0         	F13=0         	F14=0         	F15=0         
	F16=0         	F17=0         	F18=0         	F19=0         
	F20=0         	F21=0         	F22=0         	F23=0         
	F24=0         	F25=0         	F26=0         	F27=0         
	F28=0         	F29=0         	F30=0         	F31=0         
pc:
	pc	0x0000000C
ifid:
	instr	ADDUI R0 R0 #908
INT fu:
ADD fu:
MULT fu:
DIV fu:
wb:
		ADDI R0 R0 #652


*** CYCLE 6
Memory
	Address		Data
	0x00000000	8C 01 00 1C 8C 02 00 20 8C 03 00 24 00 22 20 20
	0x00000010	00 83 28 22 AC 05 00 28 FC 00 00 00 00 00 00 32
	0x00000020	00 00 00 1E 00 00 00 14 00 00 00 00
Registers (integer):
	R0=0x0000028C	R1=0x00000000	R2=0x00000000	R3=0x00000000
	R4=0x00000000	R5=0x00000000	R6=0x00000000	R7=0x00000000
	R8=0x00000000	R9=0x00000000	R10=0x00000000	R11=0x00000000
	R12=0x00000000	R13=0x00000000	R14=0x00000000	R15=0x00000000
	R16=0x00000000	R17=0x00000000	R18=0x00000000	R19=0x00000000
	R20=0x00000000	R21=0x00000000	R22=0x00000000	R23=0x00000000
	R24=0x00000000	R25=0x00000000	R26=0x00000000	R27=0x00000000
	R28=0x00000000	R29=0x00000000	R30=0x00000000	R31=0x00000000
Registers (floating point):
	F0=0         	F1=0         	F2=0         	F3=0         
	F4=0         	F5=0         	F6=0         	F7=0         
	F8=0         	F9=0         	F10=0         	F11=0         
	F12=0         	F13=0         	F14=0         	F15=0         
	F16=0         	F17=0         	F18=0         	F19=0         
	F20=0         	F21=0         	F22=0         	F23=0         
	F24=0         	F25=0         	F26=0         	F27=0         
	F28=0         	F29=0         	F30=0         	F31=0         
pc:
	pc	0x00000010
ifid:
	instr	ADDI R0 R1 #8704
INT fu:
		name 'INT', stage 1 (from end), cycle 0/1, ADDUI R0 R0 #908
ADD fu:
MULT fu:
DIV fu:
wb:



*** CYCLE 7
Memory
	Address		Data
	0x00000000	8C 01 00 1C 8C 02 00 20 8C 03 00 24 00 22 20 20
	0x00000010	00 83 28 22 AC 05 00 28 FC 00 00 00 00 00 00 32
	0x00000020	00 00 00 1E 00 00 00 14 00 00 00 00
Registers (integer):
	R0=0x0000028C	R1=0x00000000	R2=0x00000000	R3=0x00000000
	R4=0x00000000	R5=0x00000000	R6=0x00000000	R7=0x00000000
	R8=0x00000000	R9=0x00000000	R10=0x00000000	R11=0x00000000
	R12=0x00000000	R13=0x00000000	R14=0x00000000	R15=0x00000000
	R16=0x00000000	R17=0x00000000	R18=0x00000000	R19=0x00000000
	R20=0x00000000	R21=0x00000000	R22=0x00000000	R23=0x00000000
	R24=0x00000000	R25=0x00000000	R26=0x00000000	R27=0x00000000
	R28=0x00000000	R29=0x00000000	R30=0x00000000	R31=0x00000000
Registers (floating point):
	F0=0         	F1=0         	F2=0         	F3=0         
	F4=0         	F5=0         	F6=0         	F7=0         
	F8=0         	F9=0         	F10=0         	F11=0         
	F12=0         	F13=0         	F14=0         	F15=0         
	F16=0         	F17=0         	F18=0         	F19=0         
	F20=0         	F21=0         	F22=0         	F23=0         
	F24=0         	F25=0         	F26=0         	F27=0         
	F28=0         	F29=0         	F30=0         	F31=0         
pc:
	pc	0x00000010
ifid:
	instr	ADDI R0 R1 #8704
INT fu:
		name 'INT', stage 0 (from end), cycle 0/1, ADDUI R0 R0 #908
ADD fu:
MULT fu:
DIV fu:
wb:



*** CYCLE 8
Memory
	Address		Data
	0x00000000	8C 01 00 1C 8C 02 00 20 8C 03 00 24 00 22 20 20
	0x00000010	00 83 28 22 AC 05 00 28 FC 00 00 00 00 00 00 32
	0x00000020	00 00 00 1E 00 00 00 14 00 00 00 00
Registers (integer):
	R0=0x0000028C	R1=0x00000000	R2=0x00000000	R3=0x00000000
	R4=0x00000000	R5=0x00000000	R6=0x00000000	R7=0x00000000
	R8=0x00000000	R9=0x00000000	R10=0x00000000	R11=0x00000000
	R12=0x00000000	R13=0x00000000	R14=0x00000000	R15=0x00000000
	R16=0x00000000	R17=0x00000000	R18=0x00000000	R19=0x00000000
	R20=0x00000000	R21=0x00000000	R22=0x00000000	R23=0x00000000
	R24=0x00000000	R25=0x00000000	R26=0x00000000	R27=0x00000000
	R28=0x00000000	R29=0x00000000	R30=0x00000000	R31=0x00000000
Registers (floating point):
	F0=0         	F1=0         	F2=0         	F3=0         
	F4=0         	F5=0         	F6=0         	F7=0         
	F8=0         	F9=0         	F10=0         	F11=0         
	F12=0         	F13=0         	F14=0         	F15=0         
	F16=0         	F17=0         	F18=0         	F19=0         
	F20=0         	F21=0         	F22=0         	F23=0         
	F24=0         	F25=0         	F26=0         	F27=0         
	F28=0         	F29=0         	F30=0         	F31=0         
pc:
	pc	0x00000010
ifid:
	instr	ADDI R0 R1 #8704
INT fu:
ADD fu:
MULT fu:
DIV fu:
wb:
		ADDUI R0 R0 #908


*** CYCLE 9
Memory
	Address		Data
	0x00000000	8C 01 00 1C 8C 02 00 20 8C 03 00 24 00 22 20 20
	0x00000010	00 83 28 22 AC 05 00 28 FC 00 00 00 00 00 00 32
	0x00000020	00 00 00 1E 00 00 00 14 00 00 00 00
Registers (integer):
	R0=0x00000618	R1=0x00000000	R2=0x00000000	R3=0x00000000
	R4=0x00000000	R5=0x00000000	R6=0x00000000	R7=0x00000000
	R8=0x00000000	R9=0x00000000	R10=0x00000000	R11=0x00000000
	R12=0x00000000	R13=0x00000000	R14=0x00000000	R15=0x00000000
	R16=0x00000000	R17=0x00000000	R18=0x00000000	R19=0x00000000
	R20=0x00000000	R21=0x00000000	R22=0x00000000	R23=0x00000000
	R24=0x00000000	R25=0x00000000	R26=0x00000000	R27=0x00000000
	R28=0x00000000	R29=0x00000000	R30=0x00000000	R31=0x00000000
Registers (floating point):
	F0=0         	F1=0         	F2=0         	F3=0         
	F4=0         	F5=0         	F6=0         	F7=0         
	F8=0         	F9=0         	F10=0         	F11=0         
	F12=0         	F13=0         	F14=0         	F15=0         
	F16=0         	F17=0         	F18=0         	F19=0         
	F20=0         	F21=0         	F22=0         	F23=0         
	F24=0         	F25=0         	F26=0         	F27=0         
	F28=0         	F29=0         	F30=0         	F31=0         
pc:
	pc	0x00000014
ifid:
	instr	ADDI R8 R17 #-32000
INT fu:
		name 'INT', stage 1 (from end), cycle 0/1, ADDI R0 R1 #8704
ADD fu:
MULT fu:
DIV fu:
wb:



*** CYCLE 10
Memory
	Address		Data
	0x00000000	8C 01 00 1C 8C 02 00 20 8C 03 00 24 00 22 20 20
	0x00000010	00 83 28 22 AC 05 00 28 FC 00 00 00 00 00 00 32
	0x00000020	00 00 00 1E 00 00 00 14 00 00 00 00
Registers (integer):
	R0=0x00000618	R1=0x00000000	R2=0x00000000	R3=0x00000000
	R4=0x00000000	R5=0x00000000	R6=0x00000000	R7=0x00000000
	R8=0x00000000	R9=0x00000000	R10=0x00000000	R11=0x00000000
	R12=0x00000000	R13=0x00000000	R14=0x00000000	R15=0x00000000
	R16=0x00000000	R17=0x00000000	R18=0x00000000	R19=0x00000000
	R20=0x00000000	R21=0x00000000	R22=0x00000000	R23=0x00000000
	R24=0x00000000	R25=0x00000000	R26=0x00000000	R27=0x00000000
	R28=0x00000000	R29=0x00000000	R30=0x00000000	R31=0x00000000
Registers (floating point):
	F0=0         	F1=0         	F2=0         	F3=0         
	F4=0         	F5=0         	F6=0         	F7=0         
	F8=0         	F9=0         	F10=0         	F11=0         
	F12=0         	F13=0         	F14=0         	F15=0         
	F16=0         	F17=0         	F18=0         	F19=0         
	F20=0         	F21=0         	F22=0         	F23=0         
	F24=0         	F25=0         	F26=0         	F27=0         
	F28=0         	F29=0         	F30=0         	F31=0         
pc:
	pc	0x00000018
ifid:
	instr	SUBI R0 R0 #1452
INT fu:
		name 'INT', stage 0 (from end), cycle 0/1, ADDI R0 R1 #8704
		name 'INT', stage 1 (from end), cycle 0/1, ADDI R8 R17 #-32000
ADD fu:
MULT fu:
DIV fu:
wb:



*** CYCLE 11
Memory
	Address		Data
	0x00000000	8C 01 00 1C 8C 02 00 20 8C 03 00 24 00 22 20 20
	0x00000010	00 83 28 22 AC 05 00 28 FC 00 00 00 00 00 00 32
	0x00000020	00 00 00 1E 00 00 00 14 00 00 00 00
Registers (integer):
	R0=0x00000618	R1=0x00000000	R2=0x00000000	R3=0x00000000
	R4=0x00000000	R5=0x00000000	R6=0x00000000	R7=0x00000000
	R8=0x00000000	R9=0x00000000	R10=0x00000000	R11=0x00000000
	R12=0x00000000	R13=0x00000000	R14=0x00000000	R15=0x00000000
	R16=0x00000000	R17=0x00000000	R18=0x00000000	R19=0x00000000
	R20=0x00000000	R21=0x00000000	R22=0x00000000	R23=0x00000000
	R24=0x00000000	R25=0x00000000	R26=0x00000000	R27=0x00000000
	R28=0x00000000	R29=0x00000000	R30=0x00000000	R31=0x00000000
Registers (floating point):
	F0=0         	F1=0         	F2=0         	F3=0         
	F4=0         	F5=0         	F6=0         	F7=0         
	F8=0         	F9=0         	F10=0         	F11=0         
	F12=0         	F13=0         	F14=0         	F15=0         
	F16=0         	F17=0         	F18=0         	F19=0         
	F20=0         	F21=0         	F22=0         	F23=0         
	F24=0         	F25=0         	F26=0         	F27=0         
	F28=0         	F29=0         	F30=0         	F31=0         
pc:
	pc	0x00000018
ifid:
	instr	SUBI R0 R0 #1452
INT fu:
		name 'INT', stage 0 (from end), cycle 0/1, ADDI R8 R17 #-32000
ADD fu:
MULT fu:
DIV fu:
wb:
		ADDI R0 R1 #8704


*** CYCLE 12
Memory
	Address		Data
	0x00000000	8C 01 00 1C 8C 02 00 20 8C 03 00 24 00 22 20 20
	0x00000010	00 83 28 22 AC 05 00 28 FC 00 00 00 00 00 00 32
	0x00000020	00 00 00 1E 00 00 00 14 00 00 00 00
Registers (integer):
	R0=0x00002200	R1=0x00000000	R2=0x00000000	R3=0x00000000
	R4=0x00000